app/build/intermediates/manifest_merge_blame_file/debug/processDebugMainManifest/manifest-merger-blame-debug-report.txt
1<?xml version="1.0" encoding="utf-8"?>
2<manifest xmlns:android="http://schemas.android.com/apk/res/android"
3    package="com.itwingtech.myapplication"
4    android:versionCode="1"
5    android:versionName="1.0" >
6
7    <uses-sdk
8        android:minSdkVersion="26"
9        android:targetSdkVersion="34" />
10
11    <uses-permission android:name="android.permission.ACCESS_NETWORK_STATE" />
11-->[:myawesomeads] AndroidManifest.xml:8:5-79
11-->[:myawesomeads] AndroidManifest.xml:8:22-76
12    <uses-permission android:name="android.permission.INTERNET" />
12-->[:myawesomeads] AndroidManifest.xml:9:5-67
12-->[:myawesomeads] AndroidManifest.xml:9:22-64
13    <uses-permission android:name="android.permission.WAKE_LOCK" /> <!-- Create a unique permission for your app and use it so only your app can receive your OneSignal messages. -->
13-->[:myawesomeads] AndroidManifest.xml:10:5-68
13-->[:myawesomeads] AndroidManifest.xml:10:22-65
14    <permission
14-->[com.onesignal:notifications:5.1.17] AndroidManifest.xml:10:5-12:47
15        android:name="com.itwingtech.myapplication.permission.C2D_MESSAGE"
15-->[com.onesignal:notifications:5.1.17] AndroidManifest.xml:11:9-63
16        android:protectionLevel="signature" />
16-->[com.onesignal:notifications:5.1.17] AndroidManifest.xml:12:9-44
17
18    <uses-permission android:name="com.itwingtech.myapplication.permission.C2D_MESSAGE" /> <!-- Required runtime permission to display notifications on Android 13 -->
18-->[com.onesignal:notifications:5.1.17] AndroidManifest.xml:14:5-79
18-->[com.onesignal:notifications:5.1.17] AndroidManifest.xml:14:22-76
19    <uses-permission android:name="android.permission.POST_NOTIFICATIONS" /> <!-- c2dm RECEIVE are basic requirements for push messages through Google's FCM -->
19-->[com.onesignal:notifications:5.1.17] AndroidManifest.xml:17:5-77
19-->[com.onesignal:notifications:5.1.17] AndroidManifest.xml:17:22-74
20    <uses-permission android:name="com.google.android.c2dm.permission.RECEIVE" />
20-->[com.onesignal:notifications:5.1.17] AndroidManifest.xml:19:5-82
20-->[com.onesignal:notifications:5.1.17] AndroidManifest.xml:19:22-79
21    <!--
22 Required so the device vibrates on receiving a push notification.
23         Vibration settings of the device still apply.
24    -->
25    <uses-permission android:name="android.permission.VIBRATE" />
25-->[com.onesignal:notifications:5.1.17] AndroidManifest.xml:24:5-66
25-->[com.onesignal:notifications:5.1.17] AndroidManifest.xml:24:22-63
26    <!--
27 Use to restore notifications the user hasn't interacted with.
28     They could be missed notifications if the user reboots their device if this isn't in place.
29    -->
30    <uses-permission android:name="android.permission.RECEIVE_BOOT_COMPLETED" /> <!-- START: ShortcutBadger -->
30-->[com.onesignal:notifications:5.1.17] AndroidManifest.xml:29:5-81
30-->[com.onesignal:notifications:5.1.17] AndroidManifest.xml:29:22-78
31    <!-- Samsung -->
32    <uses-permission android:name="com.sec.android.provider.badge.permission.READ" />
32-->[com.onesignal:notifications:5.1.17] AndroidManifest.xml:31:5-86
32-->[com.onesignal:notifications:5.1.17] AndroidManifest.xml:31:22-83
33    <uses-permission android:name="com.sec.android.provider.badge.permission.WRITE" /> <!-- HTC -->
33-->[com.onesignal:notifications:5.1.17] AndroidManifest.xml:32:5-87
33-->[com.onesignal:notifications:5.1.17] AndroidManifest.xml:32:22-84
34    <uses-permission android:name="com.htc.launcher.permission.READ_SETTINGS" />
34-->[com.onesignal:notifications:5.1.17] AndroidManifest.xml:33:5-81
34-->[com.onesignal:notifications:5.1.17] AndroidManifest.xml:33:22-78
35    <uses-permission android:name="com.htc.launcher.permission.UPDATE_SHORTCUT" /> <!-- Sony -->
35-->[com.onesignal:notifications:5.1.17] AndroidManifest.xml:34:5-83
35-->[com.onesignal:notifications:5.1.17] AndroidManifest.xml:34:22-80
36    <uses-permission android:name="com.sonyericsson.home.permission.BROADCAST_BADGE" />
36-->[com.onesignal:notifications:5.1.17] AndroidManifest.xml:35:5-88
36-->[com.onesignal:notifications:5.1.17] AndroidManifest.xml:35:22-85
37    <uses-permission android:name="com.sonymobile.home.permission.PROVIDER_INSERT_BADGE" /> <!-- Apex -->
37-->[com.onesignal:notifications:5.1.17] AndroidManifest.xml:36:5-92
37-->[com.onesignal:notifications:5.1.17] AndroidManifest.xml:36:22-89
38    <uses-permission android:name="com.anddoes.launcher.permission.UPDATE_COUNT" /> <!-- Solid -->
38-->[com.onesignal:notifications:5.1.17] AndroidManifest.xml:37:5-84
38-->[com.onesignal:notifications:5.1.17] AndroidManifest.xml:37:22-81
39    <uses-permission android:name="com.majeur.launcher.permission.UPDATE_BADGE" /> <!-- Huawei -->
39-->[com.onesignal:notifications:5.1.17] AndroidManifest.xml:38:5-83
39-->[com.onesignal:notifications:5.1.17] AndroidManifest.xml:38:22-80
40    <uses-permission android:name="com.huawei.android.launcher.permission.CHANGE_BADGE" />
40-->[com.onesignal:notifications:5.1.17] AndroidManifest.xml:39:5-91
40-->[com.onesignal:notifications:5.1.17] AndroidManifest.xml:39:22-88
41    <uses-permission android:name="com.huawei.android.launcher.permission.READ_SETTINGS" />
41-->[com.onesignal:notifications:5.1.17] AndroidManifest.xml:40:5-92
41-->[com.onesignal:notifications:5.1.17] AndroidManifest.xml:40:22-89
42    <uses-permission android:name="com.huawei.android.launcher.permission.WRITE_SETTINGS" /> <!-- ZUK -->
42-->[com.onesignal:notifications:5.1.17] AndroidManifest.xml:41:5-93
42-->[com.onesignal:notifications:5.1.17] AndroidManifest.xml:41:22-90
43    <uses-permission android:name="android.permission.READ_APP_BADGE" /> <!-- OPPO -->
43-->[com.onesignal:notifications:5.1.17] AndroidManifest.xml:42:5-73
43-->[com.onesignal:notifications:5.1.17] AndroidManifest.xml:42:22-70
44    <uses-permission android:name="com.oppo.launcher.permission.READ_SETTINGS" />
44-->[com.onesignal:notifications:5.1.17] AndroidManifest.xml:43:5-82
44-->[com.onesignal:notifications:5.1.17] AndroidManifest.xml:43:22-79
45    <uses-permission android:name="com.oppo.launcher.permission.WRITE_SETTINGS" /> <!-- EvMe -->
45-->[com.onesignal:notifications:5.1.17] AndroidManifest.xml:44:5-83
45-->[com.onesignal:notifications:5.1.17] AndroidManifest.xml:44:22-80
46    <uses-permission android:name="me.everything.badger.permission.BADGE_COUNT_READ" />
46-->[com.onesignal:notifications:5.1.17] AndroidManifest.xml:45:5-88
46-->[com.onesignal:notifications:5.1.17] AndroidManifest.xml:45:22-85
47    <uses-permission android:name="me.everything.badger.permission.BADGE_COUNT_WRITE" />
47-->[com.onesignal:notifications:5.1.17] AndroidManifest.xml:46:5-89
47-->[com.onesignal:notifications:5.1.17] AndroidManifest.xml:46:22-86
48    <uses-permission android:name="com.google.android.gms.permission.AD_ID" />
48-->[com.google.android.gms:play-services-ads-lite:23.3.0] AndroidManifest.xml:26:5-79
48-->[com.google.android.gms:play-services-ads-lite:23.3.0] AndroidManifest.xml:26:22-76
49    <uses-permission android:name="android.permission.ACCESS_ADSERVICES_AD_ID" />
49-->[com.google.android.gms:play-services-ads-lite:23.3.0] AndroidManifest.xml:27:5-82
49-->[com.google.android.gms:play-services-ads-lite:23.3.0] AndroidManifest.xml:27:22-79
50    <uses-permission android:name="android.permission.ACCESS_ADSERVICES_ATTRIBUTION" />
50-->[com.google.android.gms:play-services-ads-lite:23.3.0] AndroidManifest.xml:28:5-88
50-->[com.google.android.gms:play-services-ads-lite:23.3.0] AndroidManifest.xml:28:22-85
51    <uses-permission android:name="android.permission.ACCESS_ADSERVICES_TOPICS" /> <!-- Android package visibility setting -->
51-->[com.google.android.gms:play-services-ads-lite:23.3.0] AndroidManifest.xml:29:5-83
51-->[com.google.android.gms:play-services-ads-lite:23.3.0] AndroidManifest.xml:29:22-80
52    <queries>
52-->[com.google.android.gms:play-services-ads-lite:23.3.0] AndroidManifest.xml:35:5-51:15
53
54        <!-- For browser content -->
55        <intent>
55-->[com.google.android.gms:play-services-ads-lite:23.3.0] AndroidManifest.xml:38:9-44:18
56            <action android:name="android.intent.action.VIEW" />
56-->[com.onesignal:notifications:5.1.17] AndroidManifest.xml:76:17-69
56-->[com.onesignal:notifications:5.1.17] AndroidManifest.xml:76:25-66
57
58            <category android:name="android.intent.category.BROWSABLE" />
58-->[com.google.android.gms:play-services-ads-lite:23.3.0] AndroidManifest.xml:41:13-74
58-->[com.google.android.gms:play-services-ads-lite:23.3.0] AndroidManifest.xml:41:23-71
59
60            <data android:scheme="https" />
60-->[com.google.android.gms:play-services-ads-lite:23.3.0] AndroidManifest.xml:43:13-44
60-->[com.google.android.gms:play-services-ads-lite:23.3.0] AndroidManifest.xml:43:19-41
61        </intent>
62        <!-- End of browser content -->
63        <!-- For CustomTabsService -->
64        <intent>
64-->[com.google.android.gms:play-services-ads-lite:23.3.0] AndroidManifest.xml:47:9-49:18
65            <action android:name="android.support.customtabs.action.CustomTabsService" />
65-->[com.google.android.gms:play-services-ads-lite:23.3.0] AndroidManifest.xml:48:13-90
65-->[com.google.android.gms:play-services-ads-lite:23.3.0] AndroidManifest.xml:48:21-87
66        </intent>
67        <!-- End of CustomTabsService -->
68    </queries>
69
70    <uses-permission android:name="com.google.android.finsky.permission.BIND_GET_INSTALL_REFERRER_SERVICE" />
70-->[com.google.android.gms:play-services-measurement:22.1.0] AndroidManifest.xml:26:5-110
70-->[com.google.android.gms:play-services-measurement:22.1.0] AndroidManifest.xml:26:22-107
71    <uses-permission android:name="android.permission.FOREGROUND_SERVICE" />
71-->[androidx.work:work-runtime:2.8.1] AndroidManifest.xml:26:5-77
71-->[androidx.work:work-runtime:2.8.1] AndroidManifest.xml:26:22-74
72
73    <permission
73-->[androidx.core:core:1.13.0] AndroidManifest.xml:22:5-24:47
74        android:name="com.itwingtech.myapplication.DYNAMIC_RECEIVER_NOT_EXPORTED_PERMISSION"
74-->[androidx.core:core:1.13.0] AndroidManifest.xml:23:9-81
75        android:protectionLevel="signature" />
75-->[androidx.core:core:1.13.0] AndroidManifest.xml:24:9-44
76
77    <uses-permission android:name="com.itwingtech.myapplication.DYNAMIC_RECEIVER_NOT_EXPORTED_PERMISSION" />
77-->[androidx.core:core:1.13.0] AndroidManifest.xml:26:5-97
77-->[androidx.core:core:1.13.0] AndroidManifest.xml:26:22-94
78
79    <application
79-->src\main\AndroidManifest.xml:5:5-29:19
80        android:name="com.itwingtech.myapplication.ApplicationClass"
80-->src\main\AndroidManifest.xml:6:9-41
81        android:allowBackup="true"
81-->src\main\AndroidManifest.xml:7:9-35
82        android:appComponentFactory="androidx.core.app.CoreComponentFactory"
82-->[androidx.core:core:1.13.0] AndroidManifest.xml:28:18-86
83        android:dataExtractionRules="@xml/data_extraction_rules"
83-->src\main\AndroidManifest.xml:8:9-65
84        android:debuggable="true"
85        android:extractNativeLibs="false"
86        android:fullBackupContent="@xml/backup_rules"
86-->src\main\AndroidManifest.xml:9:9-54
87        android:icon="@mipmap/ic_launcher"
87-->src\main\AndroidManifest.xml:10:9-43
88        android:label="@string/app_name"
88-->src\main\AndroidManifest.xml:11:9-41
89        android:roundIcon="@mipmap/ic_launcher_round"
89-->src\main\AndroidManifest.xml:12:9-54
90        android:supportsRtl="true"
90-->src\main\AndroidManifest.xml:13:9-35
91        android:testOnly="true"
92        android:theme="@style/Theme.MyApplication" >
92-->src\main\AndroidManifest.xml:14:9-51
93        <activity
93-->src\main\AndroidManifest.xml:16:9-24:20
94            android:name="com.itwingtech.myapplication.MainActivity"
94-->src\main\AndroidManifest.xml:17:13-41
95            android:exported="true" >
95-->src\main\AndroidManifest.xml:18:13-36
96            <intent-filter>
96-->src\main\AndroidManifest.xml:19:13-23:29
97                <action android:name="android.intent.action.MAIN" />
97-->src\main\AndroidManifest.xml:20:17-69
97-->src\main\AndroidManifest.xml:20:25-66
98
99                <category android:name="android.intent.category.LAUNCHER" />
99-->src\main\AndroidManifest.xml:22:17-77
99-->src\main\AndroidManifest.xml:22:27-74
100            </intent-filter>
101        </activity>
102
103        <meta-data
103-->src\main\AndroidManifest.xml:26:9-28:70
104            android:name="com.google.android.gms.ads.APPLICATION_ID"
104-->src\main\AndroidManifest.xml:27:13-69
105            android:value="ca-app-pub-3940256099942544~3347511713" />
105-->src\main\AndroidManifest.xml:28:13-67
106
107        <property
107-->[:myawesomeads] AndroidManifest.xml:13:9-16:48
108            android:name="android.adservices.AD_SERVICES_CONFIG"
108-->[:myawesomeads] AndroidManifest.xml:14:13-65
109            android:resource="@xml/gma_ad_services_config" />
109-->[:myawesomeads] AndroidManifest.xml:15:13-59
110
111        <receiver
111-->[com.onesignal:notifications:5.1.17] AndroidManifest.xml:49:9-60:20
112            android:name="com.onesignal.notifications.receivers.FCMBroadcastReceiver"
112-->[com.onesignal:notifications:5.1.17] AndroidManifest.xml:50:13-86
113            android:exported="true"
113-->[com.onesignal:notifications:5.1.17] AndroidManifest.xml:51:13-36
114            android:permission="com.google.android.c2dm.permission.SEND" >
114-->[com.onesignal:notifications:5.1.17] AndroidManifest.xml:52:13-73
115
116            <!-- High priority so OneSignal payloads can be filtered from other FCM receivers -->
117            <intent-filter android:priority="999" >
117-->[com.onesignal:notifications:5.1.17] AndroidManifest.xml:55:13-59:29
117-->[com.onesignal:notifications:5.1.17] AndroidManifest.xml:55:28-50
118                <action android:name="com.google.android.c2dm.intent.RECEIVE" />
118-->[com.onesignal:notifications:5.1.17] AndroidManifest.xml:56:17-81
118-->[com.onesignal:notifications:5.1.17] AndroidManifest.xml:56:25-78
119
120                <category android:name="com.itwingtech.myapplication" />
120-->[com.onesignal:notifications:5.1.17] AndroidManifest.xml:58:17-61
120-->[com.onesignal:notifications:5.1.17] AndroidManifest.xml:58:27-58
121            </intent-filter>
122        </receiver>
123
124        <service
124-->[com.onesignal:notifications:5.1.17] AndroidManifest.xml:62:9-68:19
125            android:name="com.onesignal.notifications.services.HmsMessageServiceOneSignal"
125-->[com.onesignal:notifications:5.1.17] AndroidManifest.xml:63:13-91
126            android:exported="false" >
126-->[com.onesignal:notifications:5.1.17] AndroidManifest.xml:64:13-37
127            <intent-filter>
127-->[com.onesignal:notifications:5.1.17] AndroidManifest.xml:65:13-67:29
128                <action android:name="com.huawei.push.action.MESSAGING_EVENT" />
128-->[com.onesignal:notifications:5.1.17] AndroidManifest.xml:66:17-81
128-->[com.onesignal:notifications:5.1.17] AndroidManifest.xml:66:25-78
129            </intent-filter>
130        </service>
131
132        <activity
132-->[com.onesignal:notifications:5.1.17] AndroidManifest.xml:70:9-78:20
133            android:name="com.onesignal.notifications.activities.NotificationOpenedActivityHMS"
133-->[com.onesignal:notifications:5.1.17] AndroidManifest.xml:71:13-96
134            android:exported="true"
134-->[com.onesignal:notifications:5.1.17] AndroidManifest.xml:72:13-36
135            android:noHistory="true"
135-->[com.onesignal:notifications:5.1.17] AndroidManifest.xml:73:13-37
136            android:theme="@android:style/Theme.Translucent.NoTitleBar" >
136-->[com.onesignal:notifications:5.1.17] AndroidManifest.xml:74:13-72
137            <intent-filter>
137-->[com.onesignal:notifications:5.1.17] AndroidManifest.xml:75:13-77:29
138                <action android:name="android.intent.action.VIEW" />
138-->[com.onesignal:notifications:5.1.17] AndroidManifest.xml:76:17-69
138-->[com.onesignal:notifications:5.1.17] AndroidManifest.xml:76:25-66
139            </intent-filter>
140        </activity>
141
142        <receiver
142-->[com.onesignal:notifications:5.1.17] AndroidManifest.xml:80:9-82:39
143            android:name="com.onesignal.notifications.receivers.NotificationDismissReceiver"
143-->[com.onesignal:notifications:5.1.17] AndroidManifest.xml:81:13-93
144            android:exported="true" />
144-->[com.onesignal:notifications:5.1.17] AndroidManifest.xml:82:13-36
145        <receiver
145-->[com.onesignal:notifications:5.1.17] AndroidManifest.xml:83:9-90:20
146            android:name="com.onesignal.notifications.receivers.BootUpReceiver"
146-->[com.onesignal:notifications:5.1.17] AndroidManifest.xml:84:13-80
147            android:exported="true" >
147-->[com.onesignal:notifications:5.1.17] AndroidManifest.xml:85:13-36
148            <intent-filter>
148-->[com.onesignal:notifications:5.1.17] AndroidManifest.xml:86:13-89:29
149                <action android:name="android.intent.action.BOOT_COMPLETED" />
149-->[com.onesignal:notifications:5.1.17] AndroidManifest.xml:87:17-79
149-->[com.onesignal:notifications:5.1.17] AndroidManifest.xml:87:25-76
150                <action android:name="android.intent.action.QUICKBOOT_POWERON" />
150-->[com.onesignal:notifications:5.1.17] AndroidManifest.xml:88:17-82
150-->[com.onesignal:notifications:5.1.17] AndroidManifest.xml:88:25-79
151            </intent-filter>
152        </receiver>
153        <receiver
153-->[com.onesignal:notifications:5.1.17] AndroidManifest.xml:91:9-97:20
154            android:name="com.onesignal.notifications.receivers.UpgradeReceiver"
154-->[com.onesignal:notifications:5.1.17] AndroidManifest.xml:92:13-81
155            android:exported="true" >
155-->[com.onesignal:notifications:5.1.17] AndroidManifest.xml:93:13-36
156            <intent-filter>
156-->[com.onesignal:notifications:5.1.17] AndroidManifest.xml:94:13-96:29
157                <action android:name="android.intent.action.MY_PACKAGE_REPLACED" />
157-->[com.onesignal:notifications:5.1.17] AndroidManifest.xml:95:17-84
157-->[com.onesignal:notifications:5.1.17] AndroidManifest.xml:95:25-81
158            </intent-filter>
159        </receiver>
160
161        <activity
161-->[com.onesignal:notifications:5.1.17] AndroidManifest.xml:99:9-105:75
162            android:name="com.onesignal.notifications.activities.NotificationOpenedActivity"
162-->[com.onesignal:notifications:5.1.17] AndroidManifest.xml:100:13-93
163            android:excludeFromRecents="true"
163-->[com.onesignal:notifications:5.1.17] AndroidManifest.xml:101:13-46
164            android:exported="true"
164-->[com.onesignal:notifications:5.1.17] AndroidManifest.xml:102:13-36
165            android:noHistory="true"
165-->[com.onesignal:notifications:5.1.17] AndroidManifest.xml:103:13-37
166            android:taskAffinity=""
166-->[com.onesignal:notifications:5.1.17] AndroidManifest.xml:104:13-36
167            android:theme="@android:style/Theme.Translucent.NoTitleBar" />
167-->[com.onesignal:notifications:5.1.17] AndroidManifest.xml:105:13-72
168        <activity
168-->[com.onesignal:notifications:5.1.17] AndroidManifest.xml:106:9-111:75
169            android:name="com.onesignal.notifications.activities.NotificationOpenedActivityAndroid22AndOlder"
169-->[com.onesignal:notifications:5.1.17] AndroidManifest.xml:107:13-110
170            android:excludeFromRecents="true"
170-->[com.onesignal:notifications:5.1.17] AndroidManifest.xml:108:13-46
171            android:exported="true"
171-->[com.onesignal:notifications:5.1.17] AndroidManifest.xml:109:13-36
172            android:noHistory="true"
172-->[com.onesignal:notifications:5.1.17] AndroidManifest.xml:110:13-37
173            android:theme="@android:style/Theme.Translucent.NoTitleBar" />
173-->[com.onesignal:notifications:5.1.17] AndroidManifest.xml:111:13-72
174
175        <service
175-->[com.onesignal:core:5.1.17] AndroidManifest.xml:13:9-16:43
176            android:name="com.onesignal.core.services.SyncService"
176-->[com.onesignal:core:5.1.17] AndroidManifest.xml:14:13-67
177            android:exported="false"
177-->[com.onesignal:core:5.1.17] AndroidManifest.xml:15:13-37
178            android:stopWithTask="true" />
178-->[com.onesignal:core:5.1.17] AndroidManifest.xml:16:13-40
179        <service
179-->[com.onesignal:core:5.1.17] AndroidManifest.xml:17:9-20:72
180            android:name="com.onesignal.core.services.SyncJobService"
180-->[com.onesignal:core:5.1.17] AndroidManifest.xml:18:13-70
181            android:exported="false"
181-->[com.onesignal:core:5.1.17] AndroidManifest.xml:19:13-37
182            android:permission="android.permission.BIND_JOB_SERVICE" />
182-->[com.onesignal:core:5.1.17] AndroidManifest.xml:20:13-69
183
184        <activity
184-->[com.onesignal:core:5.1.17] AndroidManifest.xml:22:9-25:75
185            android:name="com.onesignal.core.activities.PermissionsActivity"
185-->[com.onesignal:core:5.1.17] AndroidManifest.xml:23:13-77
186            android:exported="false"
186-->[com.onesignal:core:5.1.17] AndroidManifest.xml:24:13-37
187            android:theme="@android:style/Theme.Translucent.NoTitleBar" />
187-->[com.onesignal:core:5.1.17] AndroidManifest.xml:25:13-72
188
189        <service
189-->[com.google.firebase:firebase-database:21.0.0] AndroidManifest.xml:26:9-35:19
190            android:name="com.google.firebase.components.ComponentDiscoveryService"
190-->[com.google.firebase:firebase-database:21.0.0] AndroidManifest.xml:27:13-84
191            android:directBootAware="true"
191-->[com.google.firebase:firebase-common:21.0.0] AndroidManifest.xml:32:13-43
192            android:exported="false" >
192-->[com.google.firebase:firebase-database:21.0.0] AndroidManifest.xml:28:13-37
193            <meta-data
193-->[com.google.firebase:firebase-database:21.0.0] AndroidManifest.xml:29:13-31:85
194                android:name="com.google.firebase.components:com.google.firebase.database.FirebaseDatabaseKtxRegistrar"
194-->[com.google.firebase:firebase-database:21.0.0] AndroidManifest.xml:30:17-120
195                android:value="com.google.firebase.components.ComponentRegistrar" />
195-->[com.google.firebase:firebase-database:21.0.0] AndroidManifest.xml:31:17-82
196            <meta-data
196-->[com.google.firebase:firebase-database:21.0.0] AndroidManifest.xml:32:13-34:85
197                android:name="com.google.firebase.components:com.google.firebase.database.DatabaseRegistrar"
197-->[com.google.firebase:firebase-database:21.0.0] AndroidManifest.xml:33:17-109
198                android:value="com.google.firebase.components.ComponentRegistrar" />
198-->[com.google.firebase:firebase-database:21.0.0] AndroidManifest.xml:34:17-82
199            <meta-data
199-->[com.google.android.gms:play-services-measurement-api:22.1.0] AndroidManifest.xml:37:13-39:85
200                android:name="com.google.firebase.components:com.google.firebase.analytics.connector.internal.AnalyticsConnectorRegistrar"
200-->[com.google.android.gms:play-services-measurement-api:22.1.0] AndroidManifest.xml:38:17-139
201                android:value="com.google.firebase.components.ComponentRegistrar" />
201-->[com.google.android.gms:play-services-measurement-api:22.1.0] AndroidManifest.xml:39:17-82
202            <meta-data
202-->[com.google.firebase:firebase-messaging:24.0.1] AndroidManifest.xml:57:13-59:85
203                android:name="com.google.firebase.components:com.google.firebase.messaging.FirebaseMessagingKtxRegistrar"
203-->[com.google.firebase:firebase-messaging:24.0.1] AndroidManifest.xml:58:17-122
204                android:value="com.google.firebase.components.ComponentRegistrar" />
204-->[com.google.firebase:firebase-messaging:24.0.1] AndroidManifest.xml:59:17-82
205            <meta-data
205-->[com.google.firebase:firebase-messaging:24.0.1] AndroidManifest.xml:60:13-62:85
206                android:name="com.google.firebase.components:com.google.firebase.messaging.FirebaseMessagingRegistrar"
206-->[com.google.firebase:firebase-messaging:24.0.1] AndroidManifest.xml:61:17-119
207                android:value="com.google.firebase.components.ComponentRegistrar" />
207-->[com.google.firebase:firebase-messaging:24.0.1] AndroidManifest.xml:62:17-82
208            <meta-data
208-->[com.google.firebase:firebase-installations:18.0.0] AndroidManifest.xml:15:13-17:85
209                android:name="com.google.firebase.components:com.google.firebase.installations.FirebaseInstallationsKtxRegistrar"
209-->[com.google.firebase:firebase-installations:18.0.0] AndroidManifest.xml:16:17-130
210                android:value="com.google.firebase.components.ComponentRegistrar" />
210-->[com.google.firebase:firebase-installations:18.0.0] AndroidManifest.xml:17:17-82
211            <meta-data
211-->[com.google.firebase:firebase-installations:18.0.0] AndroidManifest.xml:18:13-20:85
212                android:name="com.google.firebase.components:com.google.firebase.installations.FirebaseInstallationsRegistrar"
212-->[com.google.firebase:firebase-installations:18.0.0] AndroidManifest.xml:19:17-127
213                android:value="com.google.firebase.components.ComponentRegistrar" />
213-->[com.google.firebase:firebase-installations:18.0.0] AndroidManifest.xml:20:17-82
214            <meta-data
214-->[com.google.firebase:firebase-common-ktx:21.0.0] AndroidManifest.xml:12:13-14:85
215                android:name="com.google.firebase.components:com.google.firebase.ktx.FirebaseCommonLegacyRegistrar"
215-->[com.google.firebase:firebase-common-ktx:21.0.0] AndroidManifest.xml:13:17-116
216                android:value="com.google.firebase.components.ComponentRegistrar" />
216-->[com.google.firebase:firebase-common-ktx:21.0.0] AndroidManifest.xml:14:17-82
217            <meta-data
217-->[com.google.firebase:firebase-common:21.0.0] AndroidManifest.xml:35:13-37:85
218                android:name="com.google.firebase.components:com.google.firebase.FirebaseCommonKtxRegistrar"
218-->[com.google.firebase:firebase-common:21.0.0] AndroidManifest.xml:36:17-109
219                android:value="com.google.firebase.components.ComponentRegistrar" />
219-->[com.google.firebase:firebase-common:21.0.0] AndroidManifest.xml:37:17-82
220            <meta-data
220-->[com.google.firebase:firebase-datatransport:18.2.0] AndroidManifest.xml:25:13-27:85
221                android:name="com.google.firebase.components:com.google.firebase.datatransport.TransportRegistrar"
221-->[com.google.firebase:firebase-datatransport:18.2.0] AndroidManifest.xml:26:17-115
222                android:value="com.google.firebase.components.ComponentRegistrar" />
222-->[com.google.firebase:firebase-datatransport:18.2.0] AndroidManifest.xml:27:17-82
223        </service> <!-- Include the AdActivity and InAppPurchaseActivity configChanges and themes. -->
224        <activity
224-->[com.google.android.gms:play-services-ads-lite:23.3.0] AndroidManifest.xml:56:9-61:43
225            android:name="com.google.android.gms.ads.AdActivity"
225-->[com.google.android.gms:play-services-ads-lite:23.3.0] AndroidManifest.xml:57:13-65
226            android:configChanges="keyboard|keyboardHidden|orientation|screenLayout|uiMode|screenSize|smallestScreenSize"
226-->[com.google.android.gms:play-services-ads-lite:23.3.0] AndroidManifest.xml:58:13-122
227            android:exported="false"
227-->[com.google.android.gms:play-services-ads-lite:23.3.0] AndroidManifest.xml:59:13-37
228            android:theme="@android:style/Theme.Translucent" />
228-->[com.google.android.gms:play-services-ads-lite:23.3.0] AndroidManifest.xml:60:13-61
229
230        <provider
230-->[com.google.android.gms:play-services-ads-lite:23.3.0] AndroidManifest.xml:63:9-68:43
231            android:name="com.google.android.gms.ads.MobileAdsInitProvider"
231-->[com.google.android.gms:play-services-ads-lite:23.3.0] AndroidManifest.xml:64:13-76
232            android:authorities="com.itwingtech.myapplication.mobileadsinitprovider"
232-->[com.google.android.gms:play-services-ads-lite:23.3.0] AndroidManifest.xml:65:13-73
233            android:exported="false"
233-->[com.google.android.gms:play-services-ads-lite:23.3.0] AndroidManifest.xml:66:13-37
234            android:initOrder="100" />
234-->[com.google.android.gms:play-services-ads-lite:23.3.0] AndroidManifest.xml:67:13-36
235
236        <service
236-->[com.google.android.gms:play-services-ads-lite:23.3.0] AndroidManifest.xml:70:9-74:43
237            android:name="com.google.android.gms.ads.AdService"
237-->[com.google.android.gms:play-services-ads-lite:23.3.0] AndroidManifest.xml:71:13-64
238            android:enabled="true"
238-->[com.google.android.gms:play-services-ads-lite:23.3.0] AndroidManifest.xml:72:13-35
239            android:exported="false" />
239-->[com.google.android.gms:play-services-ads-lite:23.3.0] AndroidManifest.xml:73:13-37
240
241        <activity
241-->[com.google.android.gms:play-services-ads-lite:23.3.0] AndroidManifest.xml:76:9-80:43
242            android:name="com.google.android.gms.ads.OutOfContextTestingActivity"
242-->[com.google.android.gms:play-services-ads-lite:23.3.0] AndroidManifest.xml:77:13-82
243            android:configChanges="keyboard|keyboardHidden|orientation|screenLayout|uiMode|screenSize|smallestScreenSize"
243-->[com.google.android.gms:play-services-ads-lite:23.3.0] AndroidManifest.xml:78:13-122
244            android:exported="false" />
244-->[com.google.android.gms:play-services-ads-lite:23.3.0] AndroidManifest.xml:79:13-37
245        <activity
245-->[com.google.android.gms:play-services-ads-lite:23.3.0] AndroidManifest.xml:81:9-88:43
246            android:name="com.google.android.gms.ads.NotificationHandlerActivity"
246-->[com.google.android.gms:play-services-ads-lite:23.3.0] AndroidManifest.xml:82:13-82
247            android:excludeFromRecents="true"
247-->[com.google.android.gms:play-services-ads-lite:23.3.0] AndroidManifest.xml:83:13-46
248            android:exported="false"